<?xml version="1.0" encoding="UTF-8"?>
<!-- Generated by org.testng.reporters.JUnitReportReporter -->
<testsuite hostname="harsimrandhanoa" name="testng.AnotherTest" tests="2" failures="0" timestamp="21 Apr 2016 16:01:13 GMT" time="0.006" errors="0">
  <testcase name="sendemail" time="0.001" classname="testng.AnotherTest"/>
  <testcase name="receiveemail" time="0.005" classname="testng.AnotherTest"/>
</testsuite> <!-- testng.AnotherTest -->
