<?xml version="1.0" encoding="UTF-8"?>
<!-- Generated by org.testng.reporters.JUnitReportReporter -->
<testsuite hostname="harsimrandhanoa" name="Testng" tests="3" failures="0" timestamp="18 Apr 2016 17:07:13 GMT" time="0.021" errors="0">
  <testcase name="anothermsg" time="0.001" classname="Testng"/>
  <testcase name="abc" time="0.019" classname="Testng"/>
  <testcase name="printmsg" time="0.001" classname="Testng"/>
</testsuite> <!-- Testng -->
