<?xml version="1.0" encoding="UTF-8"?>
<!-- Generated by org.testng.reporters.JUnitReportReporter -->
<testsuite hostname="harsimrandhanoa" name="testng.AnotherTest" tests="2" failures="0" timestamp="3 Jan 2016 06:10:06 GMT" time="0.000" errors="0">
  <testcase name="sendemail" time="0.000" classname="testng.AnotherTest"/>
  <testcase name="receiveemail" time="0.000" classname="testng.AnotherTest"/>
</testsuite>
