<?xml version="1.0" encoding="UTF-8"?>
<!-- Generated by org.testng.reporters.JUnitReportReporter -->
<testsuite hostname="harsimrandhanoa" name="testng.YahooRegistrationTest" tests="3" failures="0" timestamp="21 Apr 2016 16:01:13 GMT" time="0.001" errors="0">
  <testcase name="TestData" time="0.000" classname="testng.YahooRegistrationTest"/>
  <testcase name="TestData" time="0.000" classname="testng.YahooRegistrationTest"/>
  <testcase name="TestData" time="0.001" classname="testng.YahooRegistrationTest"/>
</testsuite> <!-- testng.YahooRegistrationTest -->
